<?xml version="1.0" encoding="UTF-8"?>
<testsuite xmlns:xsi="http://www.w3.org/2001/XMLSchema-instance" xsi:noNamespaceSchemaLocation="https://maven.apache.org/surefire/maven-surefire-plugin/xsd/surefire-test-report-3.0.xsd" version="3.0" name="Tests.TotemControllerTest" time="0.682" tests="4" errors="4" skipped="0" failures="0">
  <properties>
[...]
</properties>
  <testcase name="fetchAllTotemsTest" classname="Tests.TotemControllerTest" time="0.02">
    <error type="java.lang.NullPointerException"><![CDATA[java.lang.NullPointerException
	at Tests.TotemControllerTest.fetchAllTotemsTest(TotemControllerTest.java:15)
]]></error>
  </testcase>
  <testcase name="fetchTotemTest" classname="Tests.TotemControllerTest" time="0.001">
    <error type="java.lang.NullPointerException"><![CDATA[java.lang.NullPointerException
	at Tests.TotemControllerTest.fetchTotemTest(TotemControllerTest.java:21)
]]></error>
  </testcase>
  <testcase name="deleteTotemTest" classname="Tests.TotemControllerTest" time="0.001">
    <error type="java.lang.NullPointerException"><![CDATA[java.lang.NullPointerException
	at Tests.TotemControllerTest.deleteTotemTest(TotemControllerTest.java:28)
]]></error>
  </testcase>
  <testcase name="adicionarTotemTest" classname="Tests.TotemControllerTest" time="0.001">
    <error type="java.lang.NullPointerException"><![CDATA[java.lang.NullPointerException
	at Tests.TotemControllerTest.adicionarTotemTest(TotemControllerTest.java:35)
]]></error>
  </testcase>
</testsuite>